Assembler report for sdsdd
Thu Mar 29 13:23:01 2018
Quartus II 32-bit Version 13.0.0 Build 156 04/24/2013 SJ Web Edition


---------------------
; Table of Contents ;
---------------------
  1. Legal Notice
  2. Assembler Summary
  3. Assembler Settings
  4. Assembler Generated Files
  5. Assembler Device Options: E:/Quartus_13.0/Projects/In Production_08_02/output_files/sdsdd.pof
  6. Assembler Messages



----------------
; Legal Notice ;
----------------
Copyright (C) 1991-2013 Altera Corporation
Your use of Altera Corporation's design tools, logic functions 
and other software and tools, and its AMPP partner logic 
functions, and any output files from any of the foregoing 
(including device programming or simulation files), and any 
associated documentation or information are expressly subject 
to the terms and conditions of the Altera Program License 
Subscription Agreement, Altera MegaCore Function License 
Agreement, or other applicable license agreement, including, 
without limitation, that your use is for the sole purpose of 
programming logic devices manufactured by Altera and sold by 
Altera or its authorized distributors.  Please refer to the 
applicable agreement for further details.



+---------------------------------------------------------------+
; Assembler Summary                                             ;
+-----------------------+---------------------------------------+
; Assembler Status      ; Successful - Thu Mar 29 13:23:01 2018 ;
; Revision Name         ; sdsdd                                 ;
; Top-level Entity Name ; sdsdd                                 ;
; Family                ; MAX7000S                              ;
; Device                ; EPM7064STC44-10                       ;
+-----------------------+---------------------------------------+


+--------------------------------------------------------------------------------+
; Assembler Settings                                                             ;
+--------------------------------------------------------------------------------+
Option        : Use smart compilation
Setting       : Off
Default Value : Off

Option        : Enable parallel Assembler and TimeQuest Timing Analyzer during compilation
Setting       : On
Default Value : On

Option        : Enable compact report table
Setting       : Off
Default Value : Off

Option        : Compression mode
Setting       : Off
Default Value : Off

Option        : Clock source for configuration device
Setting       : Internal
Default Value : Internal

Option        : Clock frequency of the configuration device
Setting       : 10 MHZ
Default Value : 10 MHz

Option        : Divide clock frequency by
Setting       : 1
Default Value : 1

Option        : Auto user code
Setting       : Off
Default Value : Off

Option        : Security bit
Setting       : Off
Default Value : Off

Option        : Use configuration device
Setting       : On
Default Value : On

Option        : Configuration device auto user code
Setting       : Off
Default Value : Off

Option        : Generate Tabular Text File (.ttf) For Target Device
Setting       : Off
Default Value : Off

Option        : Generate Raw Binary File (.rbf) For Target Device
Setting       : Off
Default Value : Off

Option        : Generate Hexadecimal (Intel-Format) Output File (.hexout) for Target Device
Setting       : Off
Default Value : Off

Option        : Hexadecimal Output File start address
Setting       : 0
Default Value : 0

Option        : Hexadecimal Output File count direction
Setting       : Up
Default Value : Up

Option        : Generate Serial Vector Format File (.svf) for Target Device
Setting       : Off
Default Value : Off

Option        : Generate a JEDEC STAPL Format File (.jam) for Target Device
Setting       : Off
Default Value : Off

Option        : Generate a compressed Jam STAPL Byte Code 2.0 File (.jbc) for Target Device
Setting       : Off
Default Value : Off

Option        : Generate a compressed Jam STAPL Byte Code 2.0 File (.jbc) for Target Device
Setting       : On
Default Value : On
+--------------------------------------------------------------------------------+



+---------------------------------------------------------------------+
; Assembler Generated Files                                           ;
+---------------------------------------------------------------------+
; File Name                                                           ;
+---------------------------------------------------------------------+
; E:/Quartus_13.0/Projects/In Production_08_02/output_files/sdsdd.pof ;
+---------------------------------------------------------------------+


+-----------------------------------------------------------------------------------------------+
; Assembler Device Options: E:/Quartus_13.0/Projects/In Production_08_02/output_files/sdsdd.pof ;
+----------------+------------------------------------------------------------------------------+
; Option         ; Setting                                                                      ;
+----------------+------------------------------------------------------------------------------+
; Device         ; EPM7064STC44-10                                                              ;
; JTAG usercode  ; 0x00000000                                                                   ;
; Checksum       ; 0x000B9806                                                                   ;
+----------------+------------------------------------------------------------------------------+


+--------------------+
; Assembler Messages ;
+--------------------+
Info: *******************************************************************
Info: Running Quartus II 32-bit Assembler
    Info: Version 13.0.0 Build 156 04/24/2013 SJ Web Edition
    Info: Processing started: Thu Mar 29 13:23:00 2018
Info: Command: quartus_asm --read_settings_files=off --write_settings_files=off sdsdd -c sdsdd
Info (115030): Assembler is generating device programming files
Info: Quartus II 32-bit Assembler was successful. 0 errors, 0 warnings
    Info: Peak virtual memory: 387 megabytes
    Info: Processing ended: Thu Mar 29 13:23:01 2018
    Info: Elapsed time: 00:00:01
    Info: Total CPU time (on all processors): 00:00:01


